Started
Message from new client
Message from new client
Player 1 starts at (0,0)
Message from known client
Player 1 moved from (0,0) to (0,1)
false
Message from known client
Player 1 tried to move from (0,1) to (-1,1), but failed
Message from known client
Player 1 tried to move from (0,1) to (1,1), but failed
Message from known client
Player 1 moved from (0,1) to (0,2)
false
Message from new client
Player 2 starts at (0,0)
Message from known client
Player 2 moved from (0,0) to (0,1)
false
Message from known client
Player 1 moved from (0,2) to (0,3)
false
Message from known client
Player 2 tried to move from (0,1) to (-1,1), but failed
Message from known client
Player 1 moved from (0,3) to (1,3)
false
Message from known client
Player 2 tried to move from (0,1) to (1,1), but failed
Message from known client
Player 1 moved from (1,3) to (2,3)
false
Message from known client
Player 2 moved from (0,1) to (0,2)
false
Message from known client
Player 1 moved from (2,3) to (3,3)
false
Message from known client
Player 2 moved from (0,2) to (0,3)
false
Message from known client
Player 1 tried to move from (3,3) to (3,2), but failed
Message from known client
Player 2 moved from (0,3) to (1,3)
false
Message from known client
Player 1 moved from (3,3) to (4,3)
false
Message from known client
Player 2 moved from (1,3) to (2,3)
false
Message from known client
Player 1 tried to move from (4,3) to (4,4), but failed
Message from known client
Player 2 moved from (2,3) to (3,3)
false
Message from known client
Player 1 moved from (4,3) to (5,3)
false
Message from known client
Player 2 tried to move from (3,3) to (3,2), but failed
Message from known client
Player 1 moved from (5,3) to (6,3)
false
Message from known client
Player 2 moved from (3,3) to (4,3)
false
Message from known client
Player 1 moved from (6,3) to (7,3)
false
Message from known client
Player 2 tried to move from (4,3) to (4,4), but failed
Message from known client
Player 1 moved from (7,3) to (7,4)
false
Message from known client
Player 2 moved from (4,3) to (5,3)
false
Message from known client
Player 1 tried to move from (7,4) to (6,4), but failed
Message from known client
Player 2 moved from (5,3) to (6,3)
false
Message from known client
Player 1 moved from (7,4) to (7,5)
false
Message from known client
Player 2 moved from (6,3) to (7,3)
false
Message from known client
Player 1 moved from (7,5) to (7,6)
false
Message from known client
Player 2 moved from (7,3) to (7,4)
false
Message from known client
Player 1 tried to move from (7,6) to (7,7), but failed
Message from known client
Player 2 tried to move from (7,4) to (6,4), but failed
Message from known client
Player 1 tried to move from (7,6) to (7,7), but failed
Message from known client
Player 2 moved from (7,4) to (7,5)
false
Message from known client
Player 1 tried to move from (7,6) to (7,5), but failed
Message from known client
Player 2 tried to move from (7,5) to (7,6), but failed
Message from known client
Player 1 tried to move from (7,6) to (7,5), but failed
Message from known client
Player 2 tried to move from (7,5) to (7,6), but failed
Message from known client
Player 1 tried to move from (7,6) to (7,5), but failed
Message from known client
Player 2 tried to move from (7,5) to (7,6), but failed
Message from known client
Player 1 moved from (7,6) to (6,6)
false
Message from known client
Player 2 moved from (7,5) to (7,4)
false
Message from known client
Player 1 moved from (6,6) to (5,6)
false
Message from known client
Player 2 moved from (7,4) to (7,3)
false
Message from known client
Player 1 tried to move from (5,6) to (4,6), but failed
Message from known client
Player 2 moved from (7,3) to (7,2)
false
Message from known client
Player 1 moved from (5,6) to (5,5)
false
Message from known client
Player 2 moved from (7,2) to (6,2)
false
Message from known client
Player 1 tried to move from (5,5) to (4,5), but failed
Message from known client
Player 2 moved from (6,2) to (5,2)
false
Message from known client
Player 1 moved from (5,5) to (5,6)
false
Message from known client
Player 2 moved from (5,2) to (4,2)
false
Message from known client
Player 1 moved from (5,6) to (5,5)
false
Message from known client
Player 2 moved from (4,2) to (4,1)
false
Message from known client
Player 1 tried to move from (5,5) to (5,4), but failed
Message from known client
Player 2 moved from (4,1) to (3,1)
Found exit
true
Message from known client
Player 1 tried to move from (5,5) to (4,5), but failed
Message from known client
Player 2 tried to move from (3,1) to (3,2), but failed
Message from known client
Player 1 tried to move from (5,5) to (6,5), but failed
Message from known client
Player 2 moved from (3,1) to (3,0)
false
Message from known client
Player 1 tried to move from (5,5) to (4,5), but failed
Message from known client
Player 2 tried to move from (3,0) to (3,-1), but failed
Message from known client
Player 2 moved from (3,0) to (2,0)
false
Message from known client
Player 2 moved from (2,0) to (3,0)
false
Message from known client
Player 2 moved from (3,0) to (2,0)
false
