Added message to queue
Sending data (raw): carleton.sysc3303.common.connection.MetaMessage:CONNECT,0
carleton.sysc3303.common.connection.MetaMessage:ACCEPT,0
000000000
020002020
020020020
002020200
000022220
020020020
000022000
020000020
000000000
carleton.sysc3303.common.connection.PosMessage:1,0,0
carleton.sysc3303.common.connection.PosMessage:1,0,0
carleton.sysc3303.common.connection.PosMessage:1,0,0
carleton.sysc3303.common.connection.PosMessage:1,0,0
carleton.sysc3303.common.connection.PosMessage:1,0,0
carleton.sysc3303.common.connection.PosMessage:1,0,0
carleton.sysc3303.common.connection.PosMessage:1,0,0
carleton.sysc3303.common.connection.PosMessage:1,0,0
carleton.sysc3303.common.connection.PosMessage:1,0,0
carleton.sysc3303.common.connection.PosMessage:1,0,0
carleton.sysc3303.common.connection.PosMessage:1,0,0
carleton.sysc3303.common.connection.PosMessage:1,0,0
carleton.sysc3303.common.connection.PosMessage:1,0,0
carleton.sysc3303.common.connection.PosMessage:1,0,0
carleton.sysc3303.common.connection.PosMessage:1,0,0
carleton.sysc3303.common.connection.PosMessage:1,0,0
carleton.sysc3303.common.connection.PosMessage:1,0,0
carleton.sysc3303.common.connection.PosMessage:1,0,0
carleton.sysc3303.common.connection.PosMessage:1,0,0
carleton.sysc3303.common.connection.PosMessage:1,0,0
carleton.sysc3303.common.connection.PosMessage:1,0,0
carleton.sysc3303.common.connection.PosMessage:1,0,0
carleton.sysc3303.common.connection.PosMessage:1,0,0
carleton.sysc3303.common.connection.PosMessage:1,0,0
carleton.sysc3303.common.connection.PosMessage:1,0,0
carleton.sysc3303.common.connection.PosMessage:1,0,0
carleton.sysc3303.common.connection.PosMessage:1,0,0
carleton.sysc3303.common.connection.PosMessage:1,0,0
carleton.sysc3303.common.connection.PosMessage:1,0,0
carleton.sysc3303.common.connection.PosMessage:1,0,0
carleton.sysc3303.common.connection.PosMessage:1,0,0
